<?xml version="1.0" encoding="UTF-8"?>
<!-- Generated by org.testng.reporters.JUnitXMLReporter -->
<testsuite ignored="0" hostname="PF35M8AK" failures="0" tests="3" name="Test" time="1.705" errors="0" timestamp="2023-03-06T15:12:15 CET">
  <testcase classname="seleniumCourse.TestSet" name="correctLogin" time="0.361"/>
  <testcase classname="seleniumCourse.TestSet" name="incorrectLogin" time="0.195"/>
  <testcase classname="seleniumCourse.TestSet" name="loginAsAdmin" time="0.214"/>
</testsuite> <!-- Test -->
