<?xml version="1.0" encoding="UTF-8"?>
<!-- Generated by org.testng.reporters.JUnitXMLReporter -->
<testsuite ignored="3" hostname="PF35M8AK" failures="0" tests="1" name="Test" time="2.332" errors="0" timestamp="2023-03-16T15:24:49 CET">
  <testcase classname="seleniumCourse.TestSet" name="dataHolderTest" time="1.413"/>
  <testcase classname="seleniumCourse.TestSet" name="loginAsAdmin" time="0.0">
    <ignored/>
  </testcase> <!-- loginAsAdmin -->
  <testcase classname="seleniumCourse.TestSet" name="incorrectLogin" time="0.0">
    <ignored/>
  </testcase> <!-- incorrectLogin -->
  <testcase classname="seleniumCourse.TestSet" name="correctLogin" time="0.0">
    <ignored/>
  </testcase> <!-- correctLogin -->
</testsuite> <!-- Test -->
