<?xml version="1.0" encoding="UTF-8"?>
<!-- Generated by org.testng.reporters.JUnitXMLReporter -->
<testsuite ignored="0" hostname="PF35M8AK" failures="0" tests="3" name="Test" time="1.447" errors="0" timestamp="2023-03-09T17:48:53 CET">
  <testcase classname="seleniumCourse.TestSet" name="correctLogin" time="0.269"/>
  <testcase classname="seleniumCourse.TestSet" name="incorrectLogin" time="0.176"/>
  <testcase classname="seleniumCourse.TestSet" name="loginAsAdmin" time="0.204"/>
</testsuite> <!-- Test -->
