<?xml version="1.0" encoding="UTF-8"?>
<testng-results ignored="0" total="3" passed="3" failed="0" skipped="0">
  <reporter-output>
  </reporter-output>
  <suite started-at="2023-03-06T15:12:13 CET" name="Suite" finished-at="2023-03-06T15:12:15 CET" duration-ms="1705">
    <groups>
    </groups>
    <test started-at="2023-03-06T15:12:13 CET" name="Test" finished-at="2023-03-06T15:12:15 CET" duration-ms="1705">
      <class name="seleniumCourse.TestSet">
        <test-method is-config="true" signature="setupDriver()[pri:0, instance:seleniumCourse.TestSet@2ea41516]" started-at="2023-03-06T15:12:11 CET" name="setupDriver" finished-at="2023-03-06T15:12:13 CET" duration-ms="2094" status="PASS">
          <reporter-output>
          </reporter-output>
        </test-method> <!-- setupDriver -->
        <test-method is-config="true" signature="navigateToBrowser()[pri:0, instance:seleniumCourse.TestSet@2ea41516]" started-at="2023-03-06T15:12:13 CET" name="navigateToBrowser" finished-at="2023-03-06T15:12:14 CET" duration-ms="895" status="PASS">
          <reporter-output>
          </reporter-output>
        </test-method> <!-- navigateToBrowser -->
        <test-method signature="correctLogin(java.lang.String,java.lang.String)[pri:0, instance:seleniumCourse.TestSet@2ea41516]" started-at="2023-03-06T15:12:14 CET" name="correctLogin" finished-at="2023-03-06T15:12:14 CET" duration-ms="361" status="PASS">
          <params>
            <param index="0">
              <value>
                <![CDATA[admin]]>
              </value>
            </param>
            <param index="1">
              <value>
                <![CDATA[superduper]]>
              </value>
            </param>
          </params>
          <reporter-output>
          </reporter-output>
        </test-method> <!-- correctLogin -->
        <test-method signature="incorrectLogin()[pri:0, instance:seleniumCourse.TestSet@2ea41516]" started-at="2023-03-06T15:12:14 CET" name="incorrectLogin" finished-at="2023-03-06T15:12:14 CET" duration-ms="195" status="PASS">
          <reporter-output>
          </reporter-output>
        </test-method> <!-- incorrectLogin -->
        <test-method signature="loginAsAdmin()[pri:0, instance:seleniumCourse.TestSet@2ea41516]" started-at="2023-03-06T15:12:14 CET" name="loginAsAdmin" finished-at="2023-03-06T15:12:15 CET" duration-ms="214" status="PASS">
          <reporter-output>
          </reporter-output>
        </test-method> <!-- loginAsAdmin -->
        <test-method is-config="true" signature="killDriver()[pri:0, instance:seleniumCourse.TestSet@2ea41516]" started-at="2023-03-06T15:12:15 CET" name="killDriver" finished-at="2023-03-06T15:12:15 CET" duration-ms="242" status="PASS">
          <reporter-output>
          </reporter-output>
        </test-method> <!-- killDriver -->
      </class> <!-- seleniumCourse.TestSet -->
    </test> <!-- Test -->
  </suite> <!-- Suite -->
</testng-results>
