<?xml version="1.0" encoding="UTF-8"?>
<testng-results ignored="3" total="4" passed="1" failed="0" skipped="0">
  <reporter-output>
  </reporter-output>
  <suite started-at="2023-03-16T15:24:47 CET" name="Suite" finished-at="2023-03-16T15:24:49 CET" duration-ms="2332">
    <groups>
    </groups>
    <test started-at="2023-03-16T15:24:47 CET" name="Test" finished-at="2023-03-16T15:24:49 CET" duration-ms="2332">
      <class name="seleniumCourse.TestSet">
        <test-method is-config="true" signature="setupDriver()[pri:0, instance:seleniumCourse.TestSet@69e153c5]" started-at="2023-03-16T15:24:45 CET" name="setupDriver" finished-at="2023-03-16T15:24:47 CET" duration-ms="2119" status="PASS">
          <reporter-output>
          </reporter-output>
        </test-method> <!-- setupDriver -->
        <test-method is-config="true" signature="navigateToBrowser()[pri:0, instance:seleniumCourse.TestSet@69e153c5]" started-at="2023-03-16T15:24:47 CET" name="navigateToBrowser" finished-at="2023-03-16T15:24:48 CET" duration-ms="895" status="PASS">
          <reporter-output>
          </reporter-output>
        </test-method> <!-- navigateToBrowser -->
        <test-method signature="dataHolderTest()[pri:0, instance:seleniumCourse.TestSet@69e153c5]" started-at="2023-03-16T15:24:48 CET" name="dataHolderTest" finished-at="2023-03-16T15:24:49 CET" duration-ms="1413" status="PASS">
          <reporter-output>
          </reporter-output>
        </test-method> <!-- dataHolderTest -->
        <test-method is-config="true" signature="killDriver()[pri:0, instance:seleniumCourse.TestSet@69e153c5]" started-at="2023-03-16T15:24:49 CET" name="killDriver" finished-at="2023-03-16T15:24:49 CET" duration-ms="250" status="PASS">
          <reporter-output>
          </reporter-output>
        </test-method> <!-- killDriver -->
      </class> <!-- seleniumCourse.TestSet -->
    </test> <!-- Test -->
  </suite> <!-- Suite -->
</testng-results>
